<?xml version="1.0" encoding="UTF-8"?>
<!-- Generated by org.testng.reporters.JUnitReportReporter -->
<testsuite hostname="B276" name="spot.scripts.NewTest" tests="1" failures="0" timestamp="23 Oct 2015 08:34:24 GMT" time="0.000" errors="0">
  <testcase name="firstTestMethod" time="0.000" classname="spot.scripts.NewTest"/>
</testsuite> <!-- spot.scripts.NewTest -->
