<?xml version="1.0" encoding="UTF-8"?>
<!-- Generated by org.testng.reporters.JUnitReportReporter -->
<testsuite hostname="B276" name="spot.login.LoginTest" tests="1" failures="0" timestamp="24 Aug 2015 10:45:21 GMT" time="2.125" errors="0">
  <testcase name="performLogin" time="2.125" classname="spot.login.LoginTest"/>
</testsuite> <!-- spot.login.LoginTest -->
