<?xml version="1.0" encoding="UTF-8"?>
<!-- Generated by org.testng.reporters.JUnitReportReporter -->
<testsuite hostname="B276" name="spot.scripts.admin.UserPolicyManagementTest" tests="1" failures="0" timestamp="9 Sep 2015 09:57:19 GMT" time="5.938" errors="0">
  <testcase name="deleteTestUserTest" time="5.938" classname="spot.scripts.admin.UserPolicyManagementTest"/>
</testsuite> <!-- spot.scripts.admin.UserPolicyManagementTest -->
