<?xml version="1.0" encoding="UTF-8"?>
<!-- Generated by org.testng.reporters.JUnitReportReporter -->
<testsuite hostname="B276" name="spot.scripts.SingleUploadTest" tests="3" failures="1" timestamp="13 Oct 2015 13:58:31 GMT" time="10.353" errors="0">
  <testcase name="testLoadFile" time="6.076" classname="spot.scripts.SingleUploadTest"/>
  <testcase name="testSelectCollectionToUploadFile" time="0.913" classname="spot.scripts.SingleUploadTest"/>
  <testcase name="testSaveFile" time="3.364" classname="spot.scripts.SingleUploadTest">
    <failure type="java.lang.RuntimeException" message="java.lang.InstantiationException: spot.pages.DetailedFileView">
      <![CDATA[java.lang.RuntimeException: java.lang.InstantiationException: spot.pages.DetailedFileView
	at org.openqa.selenium.support.PageFactory.instantiatePage(PageFactory.java:133)
	at org.openqa.selenium.support.PageFactory.initElements(PageFactory.java:63)
	at spot.pages.SingleUploadPage.saveFile(SingleUploadPage.java:96)
	at spot.scripts.SingleUploadTest.testSaveFile(SingleUploadTest.java:60)
	at sun.reflect.NativeMethodAccessorImpl.invoke0(Native Method)
	at sun.reflect.NativeMethodAccessorImpl.invoke(Unknown Source)
	at sun.reflect.DelegatingMethodAccessorImpl.invoke(Unknown Source)
	at java.lang.reflect.Method.invoke(Unknown Source)
	at org.testng.internal.MethodInvocationHelper.invokeMethod(MethodInvocationHelper.java:84)
	at org.testng.internal.Invoker.invokeMethod(Invoker.java:714)
	at org.testng.internal.Invoker.invokeTestMethod(Invoker.java:901)
	at org.testng.internal.Invoker.invokeTestMethods(Invoker.java:1231)
	at org.testng.internal.TestMethodWorker.invokeTestMethods(TestMethodWorker.java:127)
	at org.testng.internal.TestMethodWorker.run(TestMethodWorker.java:111)
	at org.testng.TestRunner.privateRun(TestRunner.java:767)
	at org.testng.TestRunner.run(TestRunner.java:617)
	at org.testng.SuiteRunner.runTest(SuiteRunner.java:334)
	at org.testng.SuiteRunner.runSequentially(SuiteRunner.java:329)
	at org.testng.SuiteRunner.privateRun(SuiteRunner.java:291)
	at org.testng.SuiteRunner.run(SuiteRunner.java:240)
	at org.testng.SuiteRunnerWorker.runSuite(SuiteRunnerWorker.java:52)
	at org.testng.SuiteRunnerWorker.run(SuiteRunnerWorker.java:86)
	at org.testng.TestNG.runSuitesSequentially(TestNG.java:1224)
	at org.testng.TestNG.runSuitesLocally(TestNG.java:1149)
	at org.testng.TestNG.run(TestNG.java:1057)
	at org.testng.remote.RemoteTestNG.run(RemoteTestNG.java:111)
	at org.testng.remote.RemoteTestNG.initAndRun(RemoteTestNG.java:204)
	at org.testng.remote.RemoteTestNG.main(RemoteTestNG.java:175)
Caused by: java.lang.InstantiationException: spot.pages.DetailedFileView
	at java.lang.Class.newInstance(Unknown Source)
	at org.openqa.selenium.support.PageFactory.instantiatePage(PageFactory.java:130)
	... 27 more
Caused by: java.lang.NoSuchMethodException: spot.pages.DetailedFileView.<init>()
	at java.lang.Class.getConstructor0(Unknown Source)
	... 29 more
]]>
    </failure>
  </testcase> <!-- testSaveFile -->
</testsuite> <!-- spot.scripts.SingleUploadTest -->
