<?xml version="1.0" encoding="UTF-8"?>
<!-- Generated by org.testng.reporters.JUnitReportReporter -->
<testsuite hostname="B276" name="test.ng.DemoTwo" tests="2" failures="0" timestamp="24 Aug 2015 10:45:21 GMT" time="1.130" errors="0">
  <testcase name="secondTestCase" time="0.000" classname="test.ng.DemoTwo"/>
  <testcase name="firstTestCase" time="1.130" classname="test.ng.DemoTwo"/>
</testsuite> <!-- test.ng.DemoTwo -->
