<?xml version="1.0" encoding="UTF-8"?>
<!-- Generated by org.testng.reporters.JUnitReportReporter -->
<testsuite hostname="B276" name="test.ng.DemoThree" tests="2" failures="0" timestamp="24 Aug 2015 10:45:21 GMT" time="0.001" errors="0">
  <testcase name="firstTestCase" time="0.001" classname="test.ng.DemoThree"/>
  <testcase name="secondTestCase" time="0.000" classname="test.ng.DemoThree"/>
</testsuite> <!-- test.ng.DemoThree -->
