<?xml version="1.0" encoding="UTF-8"?>
<!-- Generated by org.testng.reporters.JUnitReportReporter -->
<testsuite hostname="B276" name="spot.scripts.ItemHitsPerCollectionViewTest" tests="35" failures="0" timestamp="28 Oct 2015 08:25:40 GMT" time="191.948" errors="0">
  <testcase name="changeItemHitNumberPerCollectionViewToTwentyFourTest" time="5.745" classname="spot.scripts.ItemHitsPerCollectionViewTest"/>
  <testcase name="changeItemHitNumberPerCollectionViewToNinetyTest" time="6.460" classname="spot.scripts.ItemHitsPerCollectionViewTest"/>
  <testcase name="changeItemHitNumberPerCollectionViewToTwelveTest" time="4.308" classname="spot.scripts.ItemHitsPerCollectionViewTest"/>
  <testcase name="changeItemHitNumberPerCollectionViewToSixTest" time="5.510" classname="spot.scripts.ItemHitsPerCollectionViewTest"/>
  <testcase name="changeItemHitNumberPerCollectionViewToTwentyFourTest" time="5.447" classname="spot.scripts.ItemHitsPerCollectionViewTest"/>
  <testcase name="changeItemHitNumberPerCollectionViewToTwelveTest" time="4.855" classname="spot.scripts.ItemHitsPerCollectionViewTest"/>
  <testcase name="changeItemHitNumberPerCollectionViewToTwentyFourTest" time="5.586" classname="spot.scripts.ItemHitsPerCollectionViewTest"/>
  <testcase name="changeItemHitNumberPerCollectionViewToNinetyTest" time="5.606" classname="spot.scripts.ItemHitsPerCollectionViewTest"/>
  <testcase name="changeItemHitNumberPerCollectionViewTo240Test" time="6.525" classname="spot.scripts.ItemHitsPerCollectionViewTest"/>
  <testcase name="changeItemHitNumberPerCollectionViewToTwentyFourTest" time="4.711" classname="spot.scripts.ItemHitsPerCollectionViewTest"/>
  <testcase name="changeItemHitNumberPerCollectionViewToEighteenTest" time="4.448" classname="spot.scripts.ItemHitsPerCollectionViewTest"/>
  <testcase name="changeItemHitNumberPerCollectionViewToTwentyFourTest" time="4.974" classname="spot.scripts.ItemHitsPerCollectionViewTest"/>
  <testcase name="changeItemHitNumberPerCollectionViewToSixtyTest" time="5.256" classname="spot.scripts.ItemHitsPerCollectionViewTest"/>
  <testcase name="changeItemHitNumberPerCollectionViewToTwelveTest" time="4.228" classname="spot.scripts.ItemHitsPerCollectionViewTest"/>
  <testcase name="changeItemHitNumberPerCollectionViewToNinetyTest" time="6.134" classname="spot.scripts.ItemHitsPerCollectionViewTest"/>
  <testcase name="changeItemHitNumberPerCollectionViewToTwelveTest" time="5.135" classname="spot.scripts.ItemHitsPerCollectionViewTest"/>
  <testcase name="changeItemHitNumberPerCollectionViewToTwelveTest" time="4.633" classname="spot.scripts.ItemHitsPerCollectionViewTest"/>
  <testcase name="changeItemHitNumberPerCollectionViewToEighteenTest" time="5.001" classname="spot.scripts.ItemHitsPerCollectionViewTest"/>
  <testcase name="changeItemHitNumberPerCollectionViewTo240Test" time="5.731" classname="spot.scripts.ItemHitsPerCollectionViewTest"/>
  <testcase name="changeItemHitNumberPerCollectionViewToSixtyTest" time="5.005" classname="spot.scripts.ItemHitsPerCollectionViewTest"/>
  <testcase name="changeItemHitNumberPerCollectionViewToEighteenTest" time="4.690" classname="spot.scripts.ItemHitsPerCollectionViewTest"/>
  <testcase name="changeItemHitNumberPerCollectionViewToEighteenTest" time="5.358" classname="spot.scripts.ItemHitsPerCollectionViewTest"/>
  <testcase name="changeItemHitNumberPerCollectionViewTo240Test" time="6.928" classname="spot.scripts.ItemHitsPerCollectionViewTest"/>
  <testcase name="changeItemHitNumberPerCollectionViewToNinetyTest" time="6.724" classname="spot.scripts.ItemHitsPerCollectionViewTest"/>
  <testcase name="changeItemHitNumberPerCollectionViewTo240Test" time="5.493" classname="spot.scripts.ItemHitsPerCollectionViewTest"/>
  <testcase name="changeItemHitNumberPerCollectionViewToSixtyTest" time="5.680" classname="spot.scripts.ItemHitsPerCollectionViewTest"/>
  <testcase name="changeItemHitNumberPerCollectionViewToNinetyTest" time="5.487" classname="spot.scripts.ItemHitsPerCollectionViewTest"/>
  <testcase name="changeItemHitNumberPerCollectionViewToSixTest" time="5.260" classname="spot.scripts.ItemHitsPerCollectionViewTest"/>
  <testcase name="changeItemHitNumberPerCollectionViewToEighteenTest" time="4.487" classname="spot.scripts.ItemHitsPerCollectionViewTest"/>
  <testcase name="changeItemHitNumberPerCollectionViewToSixTest" time="5.142" classname="spot.scripts.ItemHitsPerCollectionViewTest"/>
  <testcase name="changeItemHitNumberPerCollectionViewToSixTest" time="4.525" classname="spot.scripts.ItemHitsPerCollectionViewTest"/>
  <testcase name="changeItemHitNumberPerCollectionViewTo240Test" time="5.624" classname="spot.scripts.ItemHitsPerCollectionViewTest"/>
  <testcase name="changeItemHitNumberPerCollectionViewToSixtyTest" time="5.119" classname="spot.scripts.ItemHitsPerCollectionViewTest"/>
  <testcase name="changeItemHitNumberPerCollectionViewToSixTest" time="10.691" classname="spot.scripts.ItemHitsPerCollectionViewTest"/>
  <testcase name="changeItemHitNumberPerCollectionViewToSixtyTest" time="5.442" classname="spot.scripts.ItemHitsPerCollectionViewTest"/>
</testsuite> <!-- spot.scripts.ItemHitsPerCollectionViewTest -->
