<?xml version="1.0" encoding="UTF-8"?>
<!-- Generated by org.testng.reporters.JUnitReportReporter -->
<testsuite hostname="B276" name="spot.registration.EmailVerificationTest" tests="1" failures="0" timestamp="19 Aug 2015 12:39:55 GMT" time="0.031" errors="0">
  <testcase name="accessEmailAccount" time="0.031" classname="spot.registration.EmailVerificationTest"/>
</testsuite> <!-- spot.registration.EmailVerificationTest -->
