<?xml version="1.0" encoding="UTF-8"?>
<!-- Generated by org.testng.reporters.JUnitReportReporter -->
<testsuite hostname="B276" name="spot.scripts.CreateCollectionTest" tests="2" failures="0" timestamp="29 Oct 2015 08:10:50 GMT" time="5.298" errors="0">
  <testcase name="createCollectionFromCollectionStartPage" time="0.648" classname="spot.scripts.CreateCollectionTest"/>
  <testcase name="createCollectionFromStartPage" time="4.650" classname="spot.scripts.CreateCollectionTest"/>
</testsuite> <!-- spot.scripts.CreateCollectionTest -->
