<?xml version="1.0" encoding="UTF-8"?>
<!-- Generated by org.testng.reporters.JUnitReportReporter -->
<testsuite hostname="B276" name="spot.scripts.LogoutTest" tests="1" failures="0" timestamp="1 Sep 2015 13:30:34 GMT" time="2.111" errors="0">
  <testcase name="testLogout" time="2.111" classname="spot.scripts.LogoutTest"/>
</testsuite> <!-- spot.scripts.LogoutTest -->
