<?xml version="1.0" encoding="UTF-8"?>
<!-- Generated by org.testng.reporters.JUnitReportReporter -->
<testsuite hostname="B276" name="spot.scripts.SingleUploadTest" tests="1" failures="0" timestamp="12 Oct 2015 15:17:37 GMT" time="3.993" errors="0">
  <testcase name="loadRandomFile" time="3.993" classname="spot.scripts.SingleUploadTest"/>
</testsuite> <!-- spot.scripts.SingleUploadTest -->
