<?xml version="1.0" encoding="UTF-8"?>
<!-- Generated by org.testng.reporters.JUnitReportReporter -->
<testsuite hostname="B276" name="test.SimpleJavaMailTest" tests="1" failures="0" timestamp="19 Aug 2015 08:51:00 GMT" time="14.773" errors="0">
  <testcase name="receiveEmail" time="14.773" classname="test.SimpleJavaMailTest"/>
</testsuite> <!-- test.SimpleJavaMailTest -->
