<?xml version="1.0" encoding="UTF-8"?>
<!-- Generated by org.testng.reporters.JUnitReportReporter -->
<testsuite hostname="B276" name="test.ng.DemoOne" tests="2" failures="0" timestamp="24 Aug 2015 10:45:21 GMT" time="1.004" errors="0">
  <testcase name="firstTestCase" time="1.003" classname="test.ng.DemoOne"/>
  <testcase name="secondTestCase" time="0.001" classname="test.ng.DemoOne"/>
</testsuite> <!-- test.ng.DemoOne -->
