<?xml version="1.0" encoding="UTF-8"?>
<!-- Generated by org.testng.reporters.JUnitReportReporter -->
<testsuite hostname="B276" name="spot.scripts.LoginLogoutTest" tests="2" failures="0" timestamp="12 Oct 2015 06:29:47 GMT" time="8.001" errors="0">
  <testcase name="testLogInWithInvalidCredentials" time="2.523" classname="spot.scripts.LoginLogoutTest"/>
  <testcase name="testLogInAsAdmin" time="5.478" classname="spot.scripts.LoginLogoutTest"/>
</testsuite> <!-- spot.scripts.LoginLogoutTest -->
