<?xml version="1.0" encoding="UTF-8"?>
<!-- Generated by org.testng.reporters.JUnitReportReporter -->
<testsuite hostname="B276" name="spot.scripts.admin.AdminRightsTest" tests="1" failures="0" timestamp="7 Sep 2015 12:21:07 GMT" time="5.844" errors="0">
  <testcase name="deleteTestUserTest" time="5.844" classname="spot.scripts.admin.AdminRightsTest"/>
</testsuite> <!-- spot.scripts.admin.AdminRightsTest -->
