<?xml version="1.0" encoding="UTF-8"?>
<!-- Generated by org.testng.reporters.JUnitReportReporter -->
<testsuite hostname="B276" name="spot.scripts.HelpTest" tests="1" failures="0" timestamp="27 Oct 2015 07:36:44 GMT" time="1.645" errors="0">
  <testcase name="openHelpAsNRUTest" time="1.645" classname="spot.scripts.HelpTest"/>
</testsuite> <!-- spot.scripts.HelpTest -->
