<?xml version="1.0" encoding="UTF-8"?>
<!-- Generated by org.testng.reporters.JUnitReportReporter -->
<testsuite hostname="B276" name="spot.scripts.LoginLogoutTest" tests="2" failures="0" timestamp="30 Oct 2015 14:45:30 GMT" time="3.876" errors="0">
  <testcase name="testLogInWithInvalidCredentials" time="2.135" classname="spot.scripts.LoginLogoutTest"/>
  <testcase name="testLogInAsAdmin" time="1.741" classname="spot.scripts.LoginLogoutTest"/>
</testsuite> <!-- spot.scripts.LoginLogoutTest -->
