<?xml version="1.0" encoding="UTF-8"?>
<!-- Generated by org.testng.reporters.JUnitReportReporter -->
<testsuite hostname="B276" name="spot.scripts.LimitedAccessForNruTest" tests="1" failures="0" timestamp="27 Oct 2015 07:36:44 GMT" time="0.289" errors="0">
  <testcase name="newActionNonExistentTest" time="0.289" classname="spot.scripts.LimitedAccessForNruTest"/>
</testsuite> <!-- spot.scripts.LimitedAccessForNruTest -->
