<?xml version="1.0" encoding="UTF-8"?>
<!-- Generated by org.testng.reporters.JUnitReportReporter -->
<testsuite hostname="B276" name="spot.scripts.ImejiHomePageTest" tests="2" failures="0" timestamp="27 Oct 2015 07:36:44 GMT" time="7.092" errors="0">
  <testcase name="callImejiHomePageFromStartPageTest" time="2.762" classname="spot.scripts.ImejiHomePageTest"/>
  <testcase name="callImejiHomePageFromHelpPageTest" time="4.330" classname="spot.scripts.ImejiHomePageTest"/>
</testsuite> <!-- spot.scripts.ImejiHomePageTest -->
