<?xml version="1.0" encoding="UTF-8"?>
<!-- Generated by org.testng.reporters.JUnitReportReporter -->
<testsuite hostname="B276" name="spot.scripts.EditLanguageSetupTest" tests="4" failures="0" timestamp="27 Oct 2015 07:36:44 GMT" time="7.141" errors="0">
  <testcase name="changeLanguageSetupToJapaneseTest" time="1.747" classname="spot.scripts.EditLanguageSetupTest"/>
  <testcase name="changeLanguageSetupToGermanTest" time="1.682" classname="spot.scripts.EditLanguageSetupTest"/>
  <testcase name="changeLanguageSetupToEnglishTest" time="1.900" classname="spot.scripts.EditLanguageSetupTest"/>
  <testcase name="changeLanguageSetupToSpanishTest" time="1.812" classname="spot.scripts.EditLanguageSetupTest"/>
</testsuite> <!-- spot.scripts.EditLanguageSetupTest -->
