<?xml version="1.0" encoding="UTF-8"?>
<!-- Generated by org.testng.reporters.JUnitReportReporter -->
<testsuite hostname="B276" name="test.ng.TestngAnnotation_ClassOne" tests="2" failures="0" timestamp="24 Aug 2015 10:30:39 GMT" time="0.010" errors="0">
  <testcase name="testCase2" time="0.001" classname="test.ng.TestngAnnotation_ClassOne"/>
  <testcase name="testCase1" time="0.009" classname="test.ng.TestngAnnotation_ClassOne"/>
</testsuite> <!-- test.ng.TestngAnnotation_ClassOne -->
