<?xml version="1.0" encoding="UTF-8"?>
<!-- Generated by org.testng.reporters.JUnitReportReporter -->
<testsuite hostname="B276" name="spot.basic.LoginTest" tests="1" failures="0" timestamp="25 Aug 2015 13:10:37 GMT" time="3.191" errors="0">
  <testcase name="performLogin" time="3.191" classname="spot.basic.LoginTest"/>
</testsuite> <!-- spot.basic.LoginTest -->
