<?xml version="1.0" encoding="UTF-8"?>
<!-- Generated by org.testng.reporters.JUnitReportReporter -->
<testsuite hostname="B276" name="spot.scripts.RegistrationTest" tests="4" failures="0" timestamp="9 Oct 2015 13:11:29 GMT" time="4.905" errors="0">
  <testcase name="testSubmitRegistrationForm" time="2.401" classname="spot.scripts.RegistrationTest"/>
  <testcase name="testVerificationMail" time="0.008" classname="spot.scripts.RegistrationTest"/>
  <testcase name="changePasswordTest" time="0.000" classname="spot.scripts.RegistrationTest"/>
  <testcase name="testActivateAccount" time="2.496" classname="spot.scripts.RegistrationTest"/>
</testsuite> <!-- spot.scripts.RegistrationTest -->
