<?xml version="1.0" encoding="UTF-8"?>
<!-- Generated by org.testng.reporters.JUnitReportReporter -->
<testsuite hostname="B276" name="spot.scripts.LoginTest" tests="2" failures="0" timestamp="2 Sep 2015 14:37:55 GMT" time="7.457" errors="0">
  <testcase name="testLogInWithInvalidCredentials" time="5.023" classname="spot.scripts.LoginTest"/>
  <testcase name="testLogInAsAdmin" time="2.434" classname="spot.scripts.LoginTest"/>
</testsuite> <!-- spot.scripts.LoginTest -->
