<?xml version="1.0" encoding="UTF-8"?>
<!-- Generated by org.testng.reporters.JUnitReportReporter -->
<testsuite hostname="B276" name="testingExampleCode.BeforeMethodWithGrouping" tests="2" failures="0" timestamp="1 Sep 2015 14:56:27 GMT" time="0.013" errors="0">
  <testcase name="testMethod1" time="0.011" classname="testingExampleCode.BeforeMethodWithGrouping"/>
  <testcase name="testMethod2" time="0.002" classname="testingExampleCode.BeforeMethodWithGrouping"/>
</testsuite> <!-- testingExampleCode.BeforeMethodWithGrouping -->
