<?xml version="1.0" encoding="UTF-8"?>
<!-- Generated by org.testng.reporters.JUnitReportReporter -->
<testsuite hostname="B276" name="spot.basic.LogoutTest" tests="1" failures="0" timestamp="25 Aug 2015 13:10:37 GMT" time="1.789" errors="0">
  <testcase name="performLogout" time="1.789" classname="spot.basic.LogoutTest"/>
</testsuite> <!-- spot.basic.LogoutTest -->
